


ARM Macro Assembler    Page 1 


    1 00000000         ;/********************************** (C) COPYRIGHT *****
                       **************************
    2 00000000         ;* File Name          : startup_ch32f10x.s
    3 00000000         ;* Author             : WCH
    4 00000000         ;* Version            : V1.0.0
    5 00000000         ;* Date               : 2019/10/15
    6 00000000         ;* Description        : CH32F10x vector table for MDK-AR
                       M toolchain.
    7 00000000         ;* Copyright (c) 2021 Nanjing Qinheng Microelectronics C
                       o., Ltd.
    8 00000000         ;* SPDX-License-Identifier: Apache-2.0
    9 00000000         ;*******************************************************
                       ************************/
   10 00000000         
   11 00000000         ;/******************************************************
                       *************************
   12 00000000         ; Amount of memory (in bytes) allocated for Stack
   13 00000000         ; Tailor this value to your application needs
   14 00000000         ; <h> Stack Configuration
   15 00000000         ;   <o> Stack Size (in Bytes) <0x0-0xFFFFFFFF:8>
   16 00000000         ; </h>
   17 00000000         ;*******************************************************
                       ************************/
   18 00000000 00000400 
                       Stack_Size
                               EQU              0x00000400
   19 00000000         
   20 00000000                 AREA             STACK, NOINIT, READWRITE, ALIGN
=3
   21 00000000         Stack_Mem
                               SPACE            Stack_Size
   22 00000400         __initial_sp
   23 00000400         
   24 00000400         ;/******************************************************
                       *************************
   25 00000400         ; <h> Heap Configuration
   26 00000400         ;   <o>  Heap Size (in Bytes) <0x0-0xFFFFFFFF:8>
   27 00000400         ; </h>
   28 00000400         ;*******************************************************
                       ************************/
   29 00000400 00000200 
                       Heap_Size
                               EQU              0x00000200
   30 00000400         
   31 00000400                 AREA             HEAP, NOINIT, READWRITE, ALIGN=
3
   32 00000000         __heap_base
   33 00000000         Heap_Mem
                               SPACE            Heap_Size
   34 00000200         __heap_limit
   35 00000200         
   36 00000200                 PRESERVE8
   37 00000200                 THUMB
   38 00000200         
   39 00000200         ;/******************************************************
                       *************************
   40 00000200         ; Vector Table Mapped to Address 0 at Reset
   41 00000200         ;*******************************************************
                       ************************/



ARM Macro Assembler    Page 2 


   42 00000200                 AREA             RESET, DATA, READONLY
   43 00000000                 EXPORT           __Vectors
   44 00000000                 EXPORT           __Vectors_End
   45 00000000                 EXPORT           __Vectors_Size
   46 00000000         
   47 00000000 00000000 
                       __Vectors
                               DCD              __initial_sp ; Top of Stack
   48 00000004 00000000        DCD              Reset_Handler ; Reset Handler
   49 00000008 00000000        DCD              NMI_Handler ; NMI Handler
   50 0000000C 00000000        DCD              HardFault_Handler ; Hard Fault 
                                                            Handler
   51 00000010 00000000        DCD              MemManage_Handler 
                                                            ; MPU Fault Handler
                                                            
   52 00000014 00000000        DCD              BusFault_Handler 
                                                            ; Bus Fault Handler
                                                            
   53 00000018 00000000        DCD              UsageFault_Handler ; Usage Faul
                                                            t Handler
   54 0000001C 00000000        DCD              0           ; Reserved
   55 00000020 00000000        DCD              0           ; Reserved
   56 00000024 00000000        DCD              0           ; Reserved
   57 00000028 00000000        DCD              0           ; Reserved
   58 0000002C 00000000        DCD              SVC_Handler ; SVCall Handler
   59 00000030 00000000        DCD              DebugMon_Handler ; Debug Monito
                                                            r Handler
   60 00000034 00000000        DCD              0           ; Reserved
   61 00000038 00000000        DCD              PendSV_Handler ; PendSV Handler
                                                            
   62 0000003C 00000000        DCD              SysTick_Handler 
                                                            ; SysTick Handler
   63 00000040         
   64 00000040         ;/******************************************************
                       *************************
   65 00000040         ; External Interrupts
   66 00000040         ;*******************************************************
                       ************************/
   67 00000040 00000000        DCD              WWDG_IRQHandler 
                                                            ; Window Watchdog
   68 00000044 00000000        DCD              PVD_IRQHandler ; PVD through EX
                                                            TI Line detect
   69 00000048 00000000        DCD              TAMPER_IRQHandler ; TAMPER
   70 0000004C 00000000        DCD              RTC_IRQHandler ; RTC
   71 00000050 00000000        DCD              FLASH_IRQHandler ; FLASH
   72 00000054 00000000        DCD              RCC_IRQHandler ; RCC
   73 00000058 00000000        DCD              EXTI0_IRQHandler ; EXTI Line 0
   74 0000005C 00000000        DCD              EXTI1_IRQHandler ; EXTI Line 1
   75 00000060 00000000        DCD              EXTI2_IRQHandler ; EXTI Line 2
   76 00000064 00000000        DCD              EXTI3_IRQHandler ; EXTI Line 3
   77 00000068 00000000        DCD              EXTI4_IRQHandler ; EXTI Line 4
   78 0000006C 00000000        DCD              DMA1_Channel1_IRQHandler 
                                                            ; DMA1 Channel 1
   79 00000070 00000000        DCD              DMA1_Channel2_IRQHandler 
                                                            ; DMA1 Channel 2
   80 00000074 00000000        DCD              DMA1_Channel3_IRQHandler 
                                                            ; DMA1 Channel 3
   81 00000078 00000000        DCD              DMA1_Channel4_IRQHandler 
                                                            ; DMA1 Channel 4



ARM Macro Assembler    Page 3 


   82 0000007C 00000000        DCD              DMA1_Channel5_IRQHandler 
                                                            ; DMA1 Channel 5
   83 00000080 00000000        DCD              DMA1_Channel6_IRQHandler 
                                                            ; DMA1 Channel 6
   84 00000084 00000000        DCD              DMA1_Channel7_IRQHandler 
                                                            ; DMA1 Channel 7
   85 00000088 00000000        DCD              ADC1_2_IRQHandler ; ADC1_2
   86 0000008C 00000000        DCD              USB_HP_CAN1_TX_IRQHandler ; USB
                                                             High Priority or C
                                                            AN1 TX
   87 00000090 00000000        DCD              USB_LP_CAN1_RX0_IRQHandler ; US
                                                            B Low  Priority or 
                                                            CAN1 RX0
   88 00000094 00000000        DCD              CAN1_RX1_IRQHandler ; CAN1 RX1
   89 00000098 00000000        DCD              CAN1_SCE_IRQHandler ; CAN1 SCE
   90 0000009C 00000000        DCD              EXTI9_5_IRQHandler 
                                                            ; EXTI Line 9..5
   91 000000A0 00000000        DCD              TIM1_BRK_IRQHandler 
                                                            ; TIM1 Break
   92 000000A4 00000000        DCD              TIM1_UP_IRQHandler 
                                                            ; TIM1 Update
   93 000000A8 00000000        DCD              TIM1_TRG_COM_IRQHandler ; TIM1 
                                                            Trigger and Commuta
                                                            tion
   94 000000AC 00000000        DCD              TIM1_CC_IRQHandler ; TIM1 Captu
                                                            re Compare
   95 000000B0 00000000        DCD              TIM2_IRQHandler ; TIM2
   96 000000B4 00000000        DCD              TIM3_IRQHandler ; TIM3
   97 000000B8 00000000        DCD              TIM4_IRQHandler ; TIM4
   98 000000BC 00000000        DCD              I2C1_EV_IRQHandler ; I2C1 Event
                                                            
   99 000000C0 00000000        DCD              I2C1_ER_IRQHandler ; I2C1 Error
                                                            
  100 000000C4 00000000        DCD              I2C2_EV_IRQHandler ; I2C2 Event
                                                            
  101 000000C8 00000000        DCD              I2C2_ER_IRQHandler ; I2C2 Error
                                                            
  102 000000CC 00000000        DCD              SPI1_IRQHandler ; SPI1
  103 000000D0 00000000        DCD              SPI2_IRQHandler ; SPI2
  104 000000D4 00000000        DCD              USART1_IRQHandler ; USART1
  105 000000D8 00000000        DCD              USART2_IRQHandler ; USART2
  106 000000DC 00000000        DCD              USART3_IRQHandler ; USART3
  107 000000E0 00000000        DCD              EXTI15_10_IRQHandler 
                                                            ; EXTI Line 15..10
  108 000000E4 00000000        DCD              RTCAlarm_IRQHandler ; RTC Alarm
                                                             through EXTI Line
  109 000000E8 00000000        DCD              USBWakeUp_IRQHandler ; USB Wake
                                                            up from suspend
  110 000000EC 00000000        DCD              USBHD_IRQHandler ; USB host and
                                                             device
  111 000000F0         __Vectors_End
  112 000000F0         
  113 000000F0 000000F0 
                       __Vectors_Size
                               EQU              __Vectors_End - __Vectors
  114 000000F0         
  115 000000F0                 AREA             |.text|, CODE, READONLY
  116 00000000         ;/******************************************************
                       *************************



ARM Macro Assembler    Page 4 


  117 00000000         ; Reset handler
  118 00000000         ;*******************************************************
                       ************************/
  119 00000000         Reset_Handler
                               PROC
  120 00000000                 EXPORT           Reset_Handler             [WEAK
]
  121 00000000                 IMPORT           __main
  122 00000000                 IMPORT           SystemInit
  123 00000000 4809            LDR              R0, =SystemInit
  124 00000002 4780            BLX              R0
  125 00000004 4809            LDR              R0, =__main
  126 00000006 4700            BX               R0
  127 00000008                 ENDP
  128 00000008         
  129 00000008         ;/******************************************************
                       *************************
  130 00000008         ; Dummy Exception Handlers (infinite loops which can be 
                       modified)
  131 00000008         ;*******************************************************
                       ************************/
  132 00000008         NMI_Handler
                               PROC
  133 00000008                 EXPORT           NMI_Handler                [WEA
K]
  134 00000008 E7FE            B                .
  135 0000000A                 ENDP
  137 0000000A         HardFault_Handler
                               PROC
  138 0000000A                 EXPORT           HardFault_Handler          [WEA
K]
  139 0000000A E7FE            B                .
  140 0000000C                 ENDP
  142 0000000C         MemManage_Handler
                               PROC
  143 0000000C                 EXPORT           MemManage_Handler          [WEA
K]
  144 0000000C E7FE            B                .
  145 0000000E                 ENDP
  147 0000000E         BusFault_Handler
                               PROC
  148 0000000E                 EXPORT           BusFault_Handler           [WEA
K]
  149 0000000E E7FE            B                .
  150 00000010                 ENDP
  152 00000010         UsageFault_Handler
                               PROC
  153 00000010                 EXPORT           UsageFault_Handler         [WEA
K]
  154 00000010 E7FE            B                .
  155 00000012                 ENDP
  156 00000012         SVC_Handler
                               PROC
  157 00000012                 EXPORT           SVC_Handler                [WEA
K]
  158 00000012 E7FE            B                .
  159 00000014                 ENDP
  161 00000014         DebugMon_Handler
                               PROC



ARM Macro Assembler    Page 5 


  162 00000014                 EXPORT           DebugMon_Handler           [WEA
K]
  163 00000014 E7FE            B                .
  164 00000016                 ENDP
  165 00000016         PendSV_Handler
                               PROC
  166 00000016                 EXPORT           PendSV_Handler             [WEA
K]
  167 00000016 E7FE            B                .
  168 00000018                 ENDP
  169 00000018         SysTick_Handler
                               PROC
  170 00000018                 EXPORT           SysTick_Handler            [WEA
K]
  171 00000018 E7FE            B                .
  172 0000001A                 ENDP
  173 0000001A         
  174 0000001A         Default_Handler
                               PROC
  175 0000001A         
  176 0000001A                 EXPORT           WWDG_IRQHandler            [WEA
K]
  177 0000001A                 EXPORT           PVD_IRQHandler             [WEA
K]
  178 0000001A                 EXPORT           TAMPER_IRQHandler          [WEA
K]
  179 0000001A                 EXPORT           RTC_IRQHandler             [WEA
K]
  180 0000001A                 EXPORT           FLASH_IRQHandler           [WEA
K]
  181 0000001A                 EXPORT           RCC_IRQHandler             [WEA
K]
  182 0000001A                 EXPORT           EXTI0_IRQHandler           [WEA
K]
  183 0000001A                 EXPORT           EXTI1_IRQHandler           [WEA
K]
  184 0000001A                 EXPORT           EXTI2_IRQHandler           [WEA
K]
  185 0000001A                 EXPORT           EXTI3_IRQHandler           [WEA
K]
  186 0000001A                 EXPORT           EXTI4_IRQHandler           [WEA
K]
  187 0000001A                 EXPORT           DMA1_Channel1_IRQHandler   [WEA
K]
  188 0000001A                 EXPORT           DMA1_Channel2_IRQHandler   [WEA
K]
  189 0000001A                 EXPORT           DMA1_Channel3_IRQHandler   [WEA
K]
  190 0000001A                 EXPORT           DMA1_Channel4_IRQHandler   [WEA
K]
  191 0000001A                 EXPORT           DMA1_Channel5_IRQHandler   [WEA
K]
  192 0000001A                 EXPORT           DMA1_Channel6_IRQHandler   [WEA
K]
  193 0000001A                 EXPORT           DMA1_Channel7_IRQHandler   [WEA
K]
  194 0000001A                 EXPORT           ADC1_2_IRQHandler          [WEA
K]
  195 0000001A                 EXPORT           USB_HP_CAN1_TX_IRQHandler  [WEA



ARM Macro Assembler    Page 6 


K]
  196 0000001A                 EXPORT           USB_LP_CAN1_RX0_IRQHandler [WEA
K]
  197 0000001A                 EXPORT           CAN1_RX1_IRQHandler        [WEA
K]
  198 0000001A                 EXPORT           CAN1_SCE_IRQHandler        [WEA
K]
  199 0000001A                 EXPORT           EXTI9_5_IRQHandler         [WEA
K]
  200 0000001A                 EXPORT           TIM1_BRK_IRQHandler        [WEA
K]
  201 0000001A                 EXPORT           TIM1_UP_IRQHandler         [WEA
K]
  202 0000001A                 EXPORT           TIM1_TRG_COM_IRQHandler    [WEA
K]
  203 0000001A                 EXPORT           TIM1_CC_IRQHandler         [WEA
K]
  204 0000001A                 EXPORT           TIM2_IRQHandler            [WEA
K]
  205 0000001A                 EXPORT           TIM3_IRQHandler            [WEA
K]
  206 0000001A                 EXPORT           TIM4_IRQHandler            [WEA
K]
  207 0000001A                 EXPORT           I2C1_EV_IRQHandler         [WEA
K]
  208 0000001A                 EXPORT           I2C1_ER_IRQHandler         [WEA
K]
  209 0000001A                 EXPORT           I2C2_EV_IRQHandler         [WEA
K]
  210 0000001A                 EXPORT           I2C2_ER_IRQHandler         [WEA
K]
  211 0000001A                 EXPORT           SPI1_IRQHandler            [WEA
K]
  212 0000001A                 EXPORT           SPI2_IRQHandler            [WEA
K]
  213 0000001A                 EXPORT           USART1_IRQHandler          [WEA
K]
  214 0000001A                 EXPORT           USART2_IRQHandler          [WEA
K]
  215 0000001A                 EXPORT           USART3_IRQHandler          [WEA
K]
  216 0000001A                 EXPORT           EXTI15_10_IRQHandler       [WEA
K]
  217 0000001A                 EXPORT           RTCAlarm_IRQHandler        [WEA
K]
  218 0000001A                 EXPORT           USBWakeUp_IRQHandler       [WEA
K]
  219 0000001A                 EXPORT           USBHD_IRQHandler           [WEA
K]
  220 0000001A         
  221 0000001A         WWDG_IRQHandler
  222 0000001A         PVD_IRQHandler
  223 0000001A         TAMPER_IRQHandler
  224 0000001A         RTC_IRQHandler
  225 0000001A         FLASH_IRQHandler
  226 0000001A         RCC_IRQHandler
  227 0000001A         EXTI0_IRQHandler
  228 0000001A         EXTI1_IRQHandler
  229 0000001A         EXTI2_IRQHandler



ARM Macro Assembler    Page 7 


  230 0000001A         EXTI3_IRQHandler
  231 0000001A         EXTI4_IRQHandler
  232 0000001A         DMA1_Channel1_IRQHandler
  233 0000001A         DMA1_Channel2_IRQHandler
  234 0000001A         DMA1_Channel3_IRQHandler
  235 0000001A         DMA1_Channel4_IRQHandler
  236 0000001A         DMA1_Channel5_IRQHandler
  237 0000001A         DMA1_Channel6_IRQHandler
  238 0000001A         DMA1_Channel7_IRQHandler
  239 0000001A         ADC1_2_IRQHandler
  240 0000001A         USB_HP_CAN1_TX_IRQHandler
  241 0000001A         USB_LP_CAN1_RX0_IRQHandler
  242 0000001A         CAN1_RX1_IRQHandler
  243 0000001A         CAN1_SCE_IRQHandler
  244 0000001A         EXTI9_5_IRQHandler
  245 0000001A         TIM1_BRK_IRQHandler
  246 0000001A         TIM1_UP_IRQHandler
  247 0000001A         TIM1_TRG_COM_IRQHandler
  248 0000001A         TIM1_CC_IRQHandler
  249 0000001A         TIM2_IRQHandler
  250 0000001A         TIM3_IRQHandler
  251 0000001A         TIM4_IRQHandler
  252 0000001A         I2C1_EV_IRQHandler
  253 0000001A         I2C1_ER_IRQHandler
  254 0000001A         I2C2_EV_IRQHandler
  255 0000001A         I2C2_ER_IRQHandler
  256 0000001A         SPI1_IRQHandler
  257 0000001A         SPI2_IRQHandler
  258 0000001A         USART1_IRQHandler
  259 0000001A         USART2_IRQHandler
  260 0000001A         USART3_IRQHandler
  261 0000001A         EXTI15_10_IRQHandler
  262 0000001A         RTCAlarm_IRQHandler
  263 0000001A         USBWakeUp_IRQHandler
  264 0000001A         USBHD_IRQHandler
  265 0000001A         
  266 0000001A E7FE            B                .
  267 0000001C         
  268 0000001C                 ENDP
  269 0000001C         
  270 0000001C                 ALIGN
  271 0000001C         
  272 0000001C         ;/******************************************************
                       *************************
  273 0000001C         ; User Stack and Heap initialization
  274 0000001C         ;*******************************************************
                       ************************/
  275 0000001C                 IF               :DEF:__MICROLIB
  282 0000001C         
  283 0000001C                 IMPORT           __use_two_region_memory
  284 0000001C                 EXPORT           __user_initial_stackheap
  285 0000001C         
  286 0000001C         __user_initial_stackheap
  287 0000001C         
  288 0000001C 4804            LDR              R0, =  Heap_Mem
  289 0000001E 4905            LDR              R1, =(Stack_Mem + Stack_Size)
  290 00000020 4A05            LDR              R2, = (Heap_Mem +  Heap_Size)
  291 00000022 4B06            LDR              R3, = Stack_Mem
  292 00000024 4770            BX               LR



ARM Macro Assembler    Page 8 


  293 00000026         
  294 00000026 00 00           ALIGN
  295 00000028         
  296 00000028                 ENDIF
  297 00000028         
  298 00000028                 END
              00000000 
              00000000 
              00000000 
              00000400 
              00000200 
              00000000 
Command Line: --debug --xref --diag_suppress=9931 --cpu=Cortex-M3 --apcs=interw
ork --depend=.\objects\startup_ch32f10x.d -o.\objects\startup_ch32f10x.o -I.\RT
E\_Target_1 -ID:\Software\Keil_v5\ARM\PACK\Keil\WCH32F1xx_DFP\1.0.1\Device\Incl
ude -ID:\Software\Keil_v5\ARM\CMSIS\Include --predefine="__UVISION_VERSION SETA
 527" --list=.\listings\startup_ch32f10x.lst ..\Startup\startup_ch32f10x.s



ARM Macro Assembler    Page 1 Alphabetic symbol ordering
Relocatable symbols

STACK 00000000

Symbol: STACK
   Definitions
      At line 20 in file ..\Startup\startup_ch32f10x.s
   Uses
      None
Comment: STACK unused
Stack_Mem 00000000

Symbol: Stack_Mem
   Definitions
      At line 21 in file ..\Startup\startup_ch32f10x.s
   Uses
      At line 289 in file ..\Startup\startup_ch32f10x.s
      At line 291 in file ..\Startup\startup_ch32f10x.s

__initial_sp 00000400

Symbol: __initial_sp
   Definitions
      At line 22 in file ..\Startup\startup_ch32f10x.s
   Uses
      At line 47 in file ..\Startup\startup_ch32f10x.s
Comment: __initial_sp used once
3 symbols



ARM Macro Assembler    Page 1 Alphabetic symbol ordering
Relocatable symbols

HEAP 00000000

Symbol: HEAP
   Definitions
      At line 31 in file ..\Startup\startup_ch32f10x.s
   Uses
      None
Comment: HEAP unused
Heap_Mem 00000000

Symbol: Heap_Mem
   Definitions
      At line 33 in file ..\Startup\startup_ch32f10x.s
   Uses
      At line 288 in file ..\Startup\startup_ch32f10x.s
      At line 290 in file ..\Startup\startup_ch32f10x.s

__heap_base 00000000

Symbol: __heap_base
   Definitions
      At line 32 in file ..\Startup\startup_ch32f10x.s
   Uses
      None
Comment: __heap_base unused
__heap_limit 00000200

Symbol: __heap_limit
   Definitions
      At line 34 in file ..\Startup\startup_ch32f10x.s
   Uses
      None
Comment: __heap_limit unused
4 symbols



ARM Macro Assembler    Page 1 Alphabetic symbol ordering
Relocatable symbols

RESET 00000000

Symbol: RESET
   Definitions
      At line 42 in file ..\Startup\startup_ch32f10x.s
   Uses
      None
Comment: RESET unused
__Vectors 00000000

Symbol: __Vectors
   Definitions
      At line 47 in file ..\Startup\startup_ch32f10x.s
   Uses
      At line 43 in file ..\Startup\startup_ch32f10x.s
      At line 113 in file ..\Startup\startup_ch32f10x.s

__Vectors_End 000000F0

Symbol: __Vectors_End
   Definitions
      At line 111 in file ..\Startup\startup_ch32f10x.s
   Uses
      At line 44 in file ..\Startup\startup_ch32f10x.s
      At line 113 in file ..\Startup\startup_ch32f10x.s

3 symbols



ARM Macro Assembler    Page 1 Alphabetic symbol ordering
Relocatable symbols

.text 00000000

Symbol: .text
   Definitions
      At line 115 in file ..\Startup\startup_ch32f10x.s
   Uses
      None
Comment: .text unused
ADC1_2_IRQHandler 0000001A

Symbol: ADC1_2_IRQHandler
   Definitions
      At line 239 in file ..\Startup\startup_ch32f10x.s
   Uses
      At line 85 in file ..\Startup\startup_ch32f10x.s
      At line 194 in file ..\Startup\startup_ch32f10x.s

BusFault_Handler 0000000E

Symbol: BusFault_Handler
   Definitions
      At line 147 in file ..\Startup\startup_ch32f10x.s
   Uses
      At line 52 in file ..\Startup\startup_ch32f10x.s
      At line 148 in file ..\Startup\startup_ch32f10x.s

CAN1_RX1_IRQHandler 0000001A

Symbol: CAN1_RX1_IRQHandler
   Definitions
      At line 242 in file ..\Startup\startup_ch32f10x.s
   Uses
      At line 88 in file ..\Startup\startup_ch32f10x.s
      At line 197 in file ..\Startup\startup_ch32f10x.s

CAN1_SCE_IRQHandler 0000001A

Symbol: CAN1_SCE_IRQHandler
   Definitions
      At line 243 in file ..\Startup\startup_ch32f10x.s
   Uses
      At line 89 in file ..\Startup\startup_ch32f10x.s
      At line 198 in file ..\Startup\startup_ch32f10x.s

DMA1_Channel1_IRQHandler 0000001A

Symbol: DMA1_Channel1_IRQHandler
   Definitions
      At line 232 in file ..\Startup\startup_ch32f10x.s
   Uses
      At line 78 in file ..\Startup\startup_ch32f10x.s
      At line 187 in file ..\Startup\startup_ch32f10x.s

DMA1_Channel2_IRQHandler 0000001A

Symbol: DMA1_Channel2_IRQHandler
   Definitions
      At line 233 in file ..\Startup\startup_ch32f10x.s
   Uses



ARM Macro Assembler    Page 2 Alphabetic symbol ordering
Relocatable symbols

      At line 79 in file ..\Startup\startup_ch32f10x.s
      At line 188 in file ..\Startup\startup_ch32f10x.s

DMA1_Channel3_IRQHandler 0000001A

Symbol: DMA1_Channel3_IRQHandler
   Definitions
      At line 234 in file ..\Startup\startup_ch32f10x.s
   Uses
      At line 80 in file ..\Startup\startup_ch32f10x.s
      At line 189 in file ..\Startup\startup_ch32f10x.s

DMA1_Channel4_IRQHandler 0000001A

Symbol: DMA1_Channel4_IRQHandler
   Definitions
      At line 235 in file ..\Startup\startup_ch32f10x.s
   Uses
      At line 81 in file ..\Startup\startup_ch32f10x.s
      At line 190 in file ..\Startup\startup_ch32f10x.s

DMA1_Channel5_IRQHandler 0000001A

Symbol: DMA1_Channel5_IRQHandler
   Definitions
      At line 236 in file ..\Startup\startup_ch32f10x.s
   Uses
      At line 82 in file ..\Startup\startup_ch32f10x.s
      At line 191 in file ..\Startup\startup_ch32f10x.s

DMA1_Channel6_IRQHandler 0000001A

Symbol: DMA1_Channel6_IRQHandler
   Definitions
      At line 237 in file ..\Startup\startup_ch32f10x.s
   Uses
      At line 83 in file ..\Startup\startup_ch32f10x.s
      At line 192 in file ..\Startup\startup_ch32f10x.s

DMA1_Channel7_IRQHandler 0000001A

Symbol: DMA1_Channel7_IRQHandler
   Definitions
      At line 238 in file ..\Startup\startup_ch32f10x.s
   Uses
      At line 84 in file ..\Startup\startup_ch32f10x.s
      At line 193 in file ..\Startup\startup_ch32f10x.s

DebugMon_Handler 00000014

Symbol: DebugMon_Handler
   Definitions
      At line 161 in file ..\Startup\startup_ch32f10x.s
   Uses
      At line 59 in file ..\Startup\startup_ch32f10x.s
      At line 162 in file ..\Startup\startup_ch32f10x.s

Default_Handler 0000001A




ARM Macro Assembler    Page 3 Alphabetic symbol ordering
Relocatable symbols

Symbol: Default_Handler
   Definitions
      At line 174 in file ..\Startup\startup_ch32f10x.s
   Uses
      None
Comment: Default_Handler unused
EXTI0_IRQHandler 0000001A

Symbol: EXTI0_IRQHandler
   Definitions
      At line 227 in file ..\Startup\startup_ch32f10x.s
   Uses
      At line 73 in file ..\Startup\startup_ch32f10x.s
      At line 182 in file ..\Startup\startup_ch32f10x.s

EXTI15_10_IRQHandler 0000001A

Symbol: EXTI15_10_IRQHandler
   Definitions
      At line 261 in file ..\Startup\startup_ch32f10x.s
   Uses
      At line 107 in file ..\Startup\startup_ch32f10x.s
      At line 216 in file ..\Startup\startup_ch32f10x.s

EXTI1_IRQHandler 0000001A

Symbol: EXTI1_IRQHandler
   Definitions
      At line 228 in file ..\Startup\startup_ch32f10x.s
   Uses
      At line 74 in file ..\Startup\startup_ch32f10x.s
      At line 183 in file ..\Startup\startup_ch32f10x.s

EXTI2_IRQHandler 0000001A

Symbol: EXTI2_IRQHandler
   Definitions
      At line 229 in file ..\Startup\startup_ch32f10x.s
   Uses
      At line 75 in file ..\Startup\startup_ch32f10x.s
      At line 184 in file ..\Startup\startup_ch32f10x.s

EXTI3_IRQHandler 0000001A

Symbol: EXTI3_IRQHandler
   Definitions
      At line 230 in file ..\Startup\startup_ch32f10x.s
   Uses
      At line 76 in file ..\Startup\startup_ch32f10x.s
      At line 185 in file ..\Startup\startup_ch32f10x.s

EXTI4_IRQHandler 0000001A

Symbol: EXTI4_IRQHandler
   Definitions
      At line 231 in file ..\Startup\startup_ch32f10x.s
   Uses
      At line 77 in file ..\Startup\startup_ch32f10x.s
      At line 186 in file ..\Startup\startup_ch32f10x.s



ARM Macro Assembler    Page 4 Alphabetic symbol ordering
Relocatable symbols


EXTI9_5_IRQHandler 0000001A

Symbol: EXTI9_5_IRQHandler
   Definitions
      At line 244 in file ..\Startup\startup_ch32f10x.s
   Uses
      At line 90 in file ..\Startup\startup_ch32f10x.s
      At line 199 in file ..\Startup\startup_ch32f10x.s

FLASH_IRQHandler 0000001A

Symbol: FLASH_IRQHandler
   Definitions
      At line 225 in file ..\Startup\startup_ch32f10x.s
   Uses
      At line 71 in file ..\Startup\startup_ch32f10x.s
      At line 180 in file ..\Startup\startup_ch32f10x.s

HardFault_Handler 0000000A

Symbol: HardFault_Handler
   Definitions
      At line 137 in file ..\Startup\startup_ch32f10x.s
   Uses
      At line 50 in file ..\Startup\startup_ch32f10x.s
      At line 138 in file ..\Startup\startup_ch32f10x.s

I2C1_ER_IRQHandler 0000001A

Symbol: I2C1_ER_IRQHandler
   Definitions
      At line 253 in file ..\Startup\startup_ch32f10x.s
   Uses
      At line 99 in file ..\Startup\startup_ch32f10x.s
      At line 208 in file ..\Startup\startup_ch32f10x.s

I2C1_EV_IRQHandler 0000001A

Symbol: I2C1_EV_IRQHandler
   Definitions
      At line 252 in file ..\Startup\startup_ch32f10x.s
   Uses
      At line 98 in file ..\Startup\startup_ch32f10x.s
      At line 207 in file ..\Startup\startup_ch32f10x.s

I2C2_ER_IRQHandler 0000001A

Symbol: I2C2_ER_IRQHandler
   Definitions
      At line 255 in file ..\Startup\startup_ch32f10x.s
   Uses
      At line 101 in file ..\Startup\startup_ch32f10x.s
      At line 210 in file ..\Startup\startup_ch32f10x.s

I2C2_EV_IRQHandler 0000001A

Symbol: I2C2_EV_IRQHandler
   Definitions



ARM Macro Assembler    Page 5 Alphabetic symbol ordering
Relocatable symbols

      At line 254 in file ..\Startup\startup_ch32f10x.s
   Uses
      At line 100 in file ..\Startup\startup_ch32f10x.s
      At line 209 in file ..\Startup\startup_ch32f10x.s

MemManage_Handler 0000000C

Symbol: MemManage_Handler
   Definitions
      At line 142 in file ..\Startup\startup_ch32f10x.s
   Uses
      At line 51 in file ..\Startup\startup_ch32f10x.s
      At line 143 in file ..\Startup\startup_ch32f10x.s

NMI_Handler 00000008

Symbol: NMI_Handler
   Definitions
      At line 132 in file ..\Startup\startup_ch32f10x.s
   Uses
      At line 49 in file ..\Startup\startup_ch32f10x.s
      At line 133 in file ..\Startup\startup_ch32f10x.s

PVD_IRQHandler 0000001A

Symbol: PVD_IRQHandler
   Definitions
      At line 222 in file ..\Startup\startup_ch32f10x.s
   Uses
      At line 68 in file ..\Startup\startup_ch32f10x.s
      At line 177 in file ..\Startup\startup_ch32f10x.s

PendSV_Handler 00000016

Symbol: PendSV_Handler
   Definitions
      At line 165 in file ..\Startup\startup_ch32f10x.s
   Uses
      At line 61 in file ..\Startup\startup_ch32f10x.s
      At line 166 in file ..\Startup\startup_ch32f10x.s

RCC_IRQHandler 0000001A

Symbol: RCC_IRQHandler
   Definitions
      At line 226 in file ..\Startup\startup_ch32f10x.s
   Uses
      At line 72 in file ..\Startup\startup_ch32f10x.s
      At line 181 in file ..\Startup\startup_ch32f10x.s

RTCAlarm_IRQHandler 0000001A

Symbol: RTCAlarm_IRQHandler
   Definitions
      At line 262 in file ..\Startup\startup_ch32f10x.s
   Uses
      At line 108 in file ..\Startup\startup_ch32f10x.s
      At line 217 in file ..\Startup\startup_ch32f10x.s




ARM Macro Assembler    Page 6 Alphabetic symbol ordering
Relocatable symbols

RTC_IRQHandler 0000001A

Symbol: RTC_IRQHandler
   Definitions
      At line 224 in file ..\Startup\startup_ch32f10x.s
   Uses
      At line 70 in file ..\Startup\startup_ch32f10x.s
      At line 179 in file ..\Startup\startup_ch32f10x.s

Reset_Handler 00000000

Symbol: Reset_Handler
   Definitions
      At line 119 in file ..\Startup\startup_ch32f10x.s
   Uses
      At line 48 in file ..\Startup\startup_ch32f10x.s
      At line 120 in file ..\Startup\startup_ch32f10x.s

SPI1_IRQHandler 0000001A

Symbol: SPI1_IRQHandler
   Definitions
      At line 256 in file ..\Startup\startup_ch32f10x.s
   Uses
      At line 102 in file ..\Startup\startup_ch32f10x.s
      At line 211 in file ..\Startup\startup_ch32f10x.s

SPI2_IRQHandler 0000001A

Symbol: SPI2_IRQHandler
   Definitions
      At line 257 in file ..\Startup\startup_ch32f10x.s
   Uses
      At line 103 in file ..\Startup\startup_ch32f10x.s
      At line 212 in file ..\Startup\startup_ch32f10x.s

SVC_Handler 00000012

Symbol: SVC_Handler
   Definitions
      At line 156 in file ..\Startup\startup_ch32f10x.s
   Uses
      At line 58 in file ..\Startup\startup_ch32f10x.s
      At line 157 in file ..\Startup\startup_ch32f10x.s

SysTick_Handler 00000018

Symbol: SysTick_Handler
   Definitions
      At line 169 in file ..\Startup\startup_ch32f10x.s
   Uses
      At line 62 in file ..\Startup\startup_ch32f10x.s
      At line 170 in file ..\Startup\startup_ch32f10x.s

TAMPER_IRQHandler 0000001A

Symbol: TAMPER_IRQHandler
   Definitions
      At line 223 in file ..\Startup\startup_ch32f10x.s



ARM Macro Assembler    Page 7 Alphabetic symbol ordering
Relocatable symbols

   Uses
      At line 69 in file ..\Startup\startup_ch32f10x.s
      At line 178 in file ..\Startup\startup_ch32f10x.s

TIM1_BRK_IRQHandler 0000001A

Symbol: TIM1_BRK_IRQHandler
   Definitions
      At line 245 in file ..\Startup\startup_ch32f10x.s
   Uses
      At line 91 in file ..\Startup\startup_ch32f10x.s
      At line 200 in file ..\Startup\startup_ch32f10x.s

TIM1_CC_IRQHandler 0000001A

Symbol: TIM1_CC_IRQHandler
   Definitions
      At line 248 in file ..\Startup\startup_ch32f10x.s
   Uses
      At line 94 in file ..\Startup\startup_ch32f10x.s
      At line 203 in file ..\Startup\startup_ch32f10x.s

TIM1_TRG_COM_IRQHandler 0000001A

Symbol: TIM1_TRG_COM_IRQHandler
   Definitions
      At line 247 in file ..\Startup\startup_ch32f10x.s
   Uses
      At line 93 in file ..\Startup\startup_ch32f10x.s
      At line 202 in file ..\Startup\startup_ch32f10x.s

TIM1_UP_IRQHandler 0000001A

Symbol: TIM1_UP_IRQHandler
   Definitions
      At line 246 in file ..\Startup\startup_ch32f10x.s
   Uses
      At line 92 in file ..\Startup\startup_ch32f10x.s
      At line 201 in file ..\Startup\startup_ch32f10x.s

TIM2_IRQHandler 0000001A

Symbol: TIM2_IRQHandler
   Definitions
      At line 249 in file ..\Startup\startup_ch32f10x.s
   Uses
      At line 95 in file ..\Startup\startup_ch32f10x.s
      At line 204 in file ..\Startup\startup_ch32f10x.s

TIM3_IRQHandler 0000001A

Symbol: TIM3_IRQHandler
   Definitions
      At line 250 in file ..\Startup\startup_ch32f10x.s
   Uses
      At line 96 in file ..\Startup\startup_ch32f10x.s
      At line 205 in file ..\Startup\startup_ch32f10x.s

TIM4_IRQHandler 0000001A



ARM Macro Assembler    Page 8 Alphabetic symbol ordering
Relocatable symbols


Symbol: TIM4_IRQHandler
   Definitions
      At line 251 in file ..\Startup\startup_ch32f10x.s
   Uses
      At line 97 in file ..\Startup\startup_ch32f10x.s
      At line 206 in file ..\Startup\startup_ch32f10x.s

USART1_IRQHandler 0000001A

Symbol: USART1_IRQHandler
   Definitions
      At line 258 in file ..\Startup\startup_ch32f10x.s
   Uses
      At line 104 in file ..\Startup\startup_ch32f10x.s
      At line 213 in file ..\Startup\startup_ch32f10x.s

USART2_IRQHandler 0000001A

Symbol: USART2_IRQHandler
   Definitions
      At line 259 in file ..\Startup\startup_ch32f10x.s
   Uses
      At line 105 in file ..\Startup\startup_ch32f10x.s
      At line 214 in file ..\Startup\startup_ch32f10x.s

USART3_IRQHandler 0000001A

Symbol: USART3_IRQHandler
   Definitions
      At line 260 in file ..\Startup\startup_ch32f10x.s
   Uses
      At line 106 in file ..\Startup\startup_ch32f10x.s
      At line 215 in file ..\Startup\startup_ch32f10x.s

USBHD_IRQHandler 0000001A

Symbol: USBHD_IRQHandler
   Definitions
      At line 264 in file ..\Startup\startup_ch32f10x.s
   Uses
      At line 110 in file ..\Startup\startup_ch32f10x.s
      At line 219 in file ..\Startup\startup_ch32f10x.s

USBWakeUp_IRQHandler 0000001A

Symbol: USBWakeUp_IRQHandler
   Definitions
      At line 263 in file ..\Startup\startup_ch32f10x.s
   Uses
      At line 109 in file ..\Startup\startup_ch32f10x.s
      At line 218 in file ..\Startup\startup_ch32f10x.s

USB_HP_CAN1_TX_IRQHandler 0000001A

Symbol: USB_HP_CAN1_TX_IRQHandler
   Definitions
      At line 240 in file ..\Startup\startup_ch32f10x.s
   Uses



ARM Macro Assembler    Page 9 Alphabetic symbol ordering
Relocatable symbols

      At line 86 in file ..\Startup\startup_ch32f10x.s
      At line 195 in file ..\Startup\startup_ch32f10x.s

USB_LP_CAN1_RX0_IRQHandler 0000001A

Symbol: USB_LP_CAN1_RX0_IRQHandler
   Definitions
      At line 241 in file ..\Startup\startup_ch32f10x.s
   Uses
      At line 87 in file ..\Startup\startup_ch32f10x.s
      At line 196 in file ..\Startup\startup_ch32f10x.s

UsageFault_Handler 00000010

Symbol: UsageFault_Handler
   Definitions
      At line 152 in file ..\Startup\startup_ch32f10x.s
   Uses
      At line 53 in file ..\Startup\startup_ch32f10x.s
      At line 153 in file ..\Startup\startup_ch32f10x.s

WWDG_IRQHandler 0000001A

Symbol: WWDG_IRQHandler
   Definitions
      At line 221 in file ..\Startup\startup_ch32f10x.s
   Uses
      At line 67 in file ..\Startup\startup_ch32f10x.s
      At line 176 in file ..\Startup\startup_ch32f10x.s

__user_initial_stackheap 0000001C

Symbol: __user_initial_stackheap
   Definitions
      At line 286 in file ..\Startup\startup_ch32f10x.s
   Uses
      At line 284 in file ..\Startup\startup_ch32f10x.s
Comment: __user_initial_stackheap used once
57 symbols



ARM Macro Assembler    Page 1 Alphabetic symbol ordering
Absolute symbols

Heap_Size 00000200

Symbol: Heap_Size
   Definitions
      At line 29 in file ..\Startup\startup_ch32f10x.s
   Uses
      At line 33 in file ..\Startup\startup_ch32f10x.s
      At line 290 in file ..\Startup\startup_ch32f10x.s

Stack_Size 00000400

Symbol: Stack_Size
   Definitions
      At line 18 in file ..\Startup\startup_ch32f10x.s
   Uses
      At line 21 in file ..\Startup\startup_ch32f10x.s
      At line 289 in file ..\Startup\startup_ch32f10x.s

__Vectors_Size 000000F0

Symbol: __Vectors_Size
   Definitions
      At line 113 in file ..\Startup\startup_ch32f10x.s
   Uses
      At line 45 in file ..\Startup\startup_ch32f10x.s
Comment: __Vectors_Size used once
3 symbols



ARM Macro Assembler    Page 1 Alphabetic symbol ordering
External symbols

SystemInit 00000000

Symbol: SystemInit
   Definitions
      At line 122 in file ..\Startup\startup_ch32f10x.s
   Uses
      At line 123 in file ..\Startup\startup_ch32f10x.s
Comment: SystemInit used once
__main 00000000

Symbol: __main
   Definitions
      At line 121 in file ..\Startup\startup_ch32f10x.s
   Uses
      At line 125 in file ..\Startup\startup_ch32f10x.s
Comment: __main used once
__use_two_region_memory 00000000

Symbol: __use_two_region_memory
   Definitions
      At line 283 in file ..\Startup\startup_ch32f10x.s
   Uses
      None
Comment: __use_two_region_memory unused
3 symbols
408 symbols in table
